<?xml version="1.0" encoding="UTF-8"?>
<testng-results skipped="0" failed="0" total="1" passed="1">
  <reporter-output>
  </reporter-output>
  <suite name="Default suite" duration-ms="47454" started-at="2018-10-24T17:55:53Z" finished-at="2018-10-24T17:56:41Z">
    <groups>
    </groups>
    <test name="Default test" duration-ms="47454" started-at="2018-10-24T17:55:53Z" finished-at="2018-10-24T17:56:41Z">
      <class name="test.Test99GuruLoginWithPageFactory">
        <test-method status="PASS" signature="setup()[pri:0, instance:test.Test99GuruLoginWithPageFactory@6767c1fc]" name="setup" is-config="true" duration-ms="35615" started-at="2018-10-24T23:25:53Z" finished-at="2018-10-24T23:26:29Z">
          <reporter-output>
          </reporter-output>
        </test-method> <!-- setup -->
        <test-method status="PASS" signature="test_Home_Page_Appear_Correct()[pri:0, instance:test.Test99GuruLoginWithPageFactory@6767c1fc]" name="test_Home_Page_Appear_Correct" duration-ms="11003" started-at="2018-10-24T23:26:30Z" finished-at="2018-10-24T23:26:41Z">
          <reporter-output>
          </reporter-output>
        </test-method> <!-- test_Home_Page_Appear_Correct -->
      </class> <!-- test.Test99GuruLoginWithPageFactory -->
    </test> <!-- Default test -->
  </suite> <!-- Default suite -->
</testng-results>
